[00:08:54] [Server thread/INFO]: [THERIAN] trini fell from a high place
[00:09:41] [Server thread/WARN]: Mismatch in destroy block pos: ja{x=-252, y=67, z=1155} ja{x=-251, y=67, z=1155}
[00:09:41] [Server thread/WARN]: Mismatch in destroy block pos: ja{x=-252, y=67, z=1155} ja{x=-251, y=67, z=1155}
[00:09:41] [Server thread/WARN]: Mismatch in destroy block pos: ja{x=-252, y=67, z=1155} ja{x=-251, y=67, z=1155}
[00:11:10] [Server thread/WARN]: Mismatch in destroy block pos: ja{x=-235, y=73, z=1155} ja{x=-235, y=73, z=1158}
[00:11:10] [Server thread/WARN]: Mismatch in destroy block pos: ja{x=-235, y=73, z=1155} ja{x=-235, y=73, z=1158}
[00:14:13] [Server thread/WARN]: Mismatch in destroy block pos: ja{x=-257, y=74, z=1204} ja{x=-256, y=73, z=1205}
[00:14:14] [Server thread/WARN]: Mismatch in destroy block pos: ja{x=-257, y=74, z=1204} ja{x=-256, y=73, z=1205}
[00:24:30] [Server thread/WARN]: Mismatch in destroy block pos: ja{x=-277, y=67, z=1202} ja{x=-276, y=66, z=1203}
[00:25:35] [Server thread/WARN]: Mismatch in destroy block pos: ja{x=-223, y=88, z=1200} ja{x=-224, y=88, z=1201}
[00:27:16] [Server thread/WARN]: Mismatch in destroy block pos: ja{x=-228, y=81, z=1194} ja{x=-224, y=80, z=1196}
[00:27:31] [Server thread/WARN]: Mismatch in destroy block pos: ja{x=-228, y=80, z=1191} ja{x=-228, y=79, z=1192}
[00:33:08] [Server thread/WARN]: wendxli moved too quickly! 0.05125058552596329,-10.170797282908353,0.012889834850284387
[00:33:25] [Server thread/INFO]: Jonazan06[/100.76.188.5:58651] logged in with entity id 63493 at (-165.91848455437804, 110.0, 1495.6721718174883)
[00:33:25] [Server thread/INFO]: [MR.SIDA] Jonazan06 joined the game
[00:34:40] [Server thread/WARN]: Mismatch in destroy block pos: ja{x=-234, y=73, z=1195} ja{x=-234, y=74, z=1196}
[00:35:08] [Server thread/WARN]: Mismatch in destroy block pos: ja{x=-228, y=77, z=1203} ja{x=-229, y=78, z=1202}
[00:35:13] [Server thread/WARN]: Mismatch in destroy block pos: ja{x=-233, y=74, z=1202} ja{x=-232, y=74, z=1201}
[00:45:03] [Server thread/WARN]: Mismatch in destroy block pos: ja{x=-90, y=77, z=1362} ja{x=-89, y=77, z=1362}
[00:45:27] [Server thread/WARN]: Mismatch in destroy block pos: ja{x=-66, y=79, z=1373} ja{x=-65, y=77, z=1373}
[00:46:07] [Server thread/WARN]: Mismatch in destroy block pos: ja{x=-63, y=81, z=1363} ja{x=-64, y=79, z=1363}
[00:54:33] [Server thread/INFO]: Javier6712 lost connection: Disconnected
[00:54:33] [Server thread/INFO]: [AUTISTA] Javier6712 left the game
[01:04:55] [Server thread/INFO]: [Not Secure] * [RABIOSA] wendxli sett
[01:05:24] [Server thread/INFO]: [Not Secure] * [CHICKENLIRUL] VERGAMOTA sit
[01:06:00] [Server thread/INFO]: Javier6712[/100.106.11.52:56551] logged in with entity id 81476 at (-403.69999998807907, 69.0, 1317.5490842818579)
[01:06:00] [Server thread/INFO]: [AUTISTA] Javier6712 joined the game
[01:10:12] [Server thread/INFO]: [[CHICKENLIRUL] VERGAMOTA: Gamerule pvp is now set to: true]
[01:11:27] [Server thread/INFO]: [[CHICKENLIRUL] VERGAMOTA: Gamerule pvp is now set to: false]
[01:14:58] [Server thread/INFO]: [Not Secure] <[MR.SIDA] Jonazan06> zzzzzzzzzzzzzzzzzzzzzzzzzzz
[01:26:51] [Server thread/INFO]: pabloprocrack[/100.90.22.110:59517] logged in with entity id 95204 at (-361.06721873543455, 62.11076431274413, 1155.1353506550076)
[01:26:51] [Server thread/INFO]: [CREADOR DEL SEXO] pabloprocrack joined the game
[01:38:52] [Server thread/INFO]: VERGAMOTA lost connection: Disconnected
[01:38:52] [Server thread/INFO]: [CHICKENLIRUL] VERGAMOTA left the game
[01:39:47] [Server thread/INFO]: [CREADOR DEL SEXO] pabloprocrack has made the advancement [We Need to Go Deeper]
[01:39:55] [Server thread/INFO]: [CREADOR DEL SEXO] pabloprocrack has made the advancement [Hot Stuff]
[01:48:01] [Server thread/INFO]: VERGAMOTA[/100.99.220.70:60520] logged in with entity id 111624 at (-260.69999998807907, 63.0, 1193.1792645225928)
[01:48:01] [Server thread/INFO]: [CHICKENLIRUL] VERGAMOTA joined the game
[02:00:35] [Server thread/INFO]: wendxli lost connection: Disconnected
[02:00:35] [Server thread/INFO]: [RABIOSA] wendxli left the game
[02:00:56] [Server thread/INFO]: pabloprocrack lost connection: Disconnected
[02:00:56] [Server thread/INFO]: [CREADOR DEL SEXO] pabloprocrack left the game
[02:03:10] [Server thread/INFO]: [THERIAN] trini fell from a high place
[02:09:04] [Server thread/WARN]: Mismatch in destroy block pos: ja{x=-106, y=79, z=1388} ja{x=-106, y=78, z=1387}
[02:14:42] [Server thread/INFO]: wendxli[/100.105.227.62:64605] logged in with entity id 128152 at (-190.49189482929447, 100.0, 1284.8323454310535)
[02:14:42] [Server thread/INFO]: [RABIOSA] wendxli joined the game
[02:14:48] [Server thread/INFO]: wendxli lost connection: Disconnected
[02:14:48] [Server thread/INFO]: [RABIOSA] wendxli left the game
[02:14:52] [Server thread/INFO]: wendxli[/100.105.227.62:64611] logged in with entity id 128234 at (-190.46281782259877, 100.0, 1284.4064462908584)
[02:14:52] [Server thread/INFO]: [RABIOSA] wendxli joined the game
[02:25:31] [Server thread/INFO]: Javier6712 lost connection: Disconnected
[02:25:31] [Server thread/INFO]: [AUTISTA] Javier6712 left the game
[02:37:28] [Server thread/INFO]: Javier6712[/100.106.11.52:57826] logged in with entity id 141520 at (-12.699999988079071, 74.0, 784.7429741316213)
[02:37:28] [Server thread/INFO]: [AUTISTA] Javier6712 joined the game
[02:47:32] [Server thread/INFO]: [THERIAN] trini has made the advancement [The Parrots and the Bats]
[02:49:06] [Server thread/INFO]: wendxli lost connection: Disconnected
[02:49:06] [Server thread/INFO]: [RABIOSA] wendxli left the game
[02:55:03] [Server thread/INFO]: [THERIAN] trini has made the advancement [Best Friends Forever]
[02:59:19] [Server thread/INFO]: [Not Secure] <[THERIAN] trini> a
[03:00:15] [Server thread/INFO]: wendxli[/100.105.227.62:60679] logged in with entity id 154474 at (-232.3078757143415, 99.0, 1336.2160202140165)
[03:00:15] [Server thread/INFO]: [RABIOSA] wendxli joined the game
[03:19:17] [Server thread/INFO]: [[CHICKENLIRUL] VERGAMOTA: Gamerule pvp is now set to: true]
[03:20:34] [Server thread/INFO]: [[CHICKENLIRUL] VERGAMOTA: Gamerule pvp is now set to: false]
[03:24:43] [Server thread/INFO]: Jonazan06 lost connection: Kicked by an operator
[03:24:43] [Server thread/INFO]: [MR.SIDA] Jonazan06 left the game
[03:24:43] [Server thread/INFO]: [[CHICKENLIRUL] VERGAMOTA: Kicked [MR.SIDA] Jonazan06: Kicked by an operator]
[03:24:43] [Server thread/WARN]: handleDisconnection() called twice
[03:24:51] [Server thread/INFO]: [Not Secure] <[AUTISTA] Javier6712> kajajaja
[03:24:55] [Server thread/INFO]: Jonazan06[/100.76.188.5:64009] logged in with entity id 166595 at (-187.48500361246863, -24.0, 929.5649263913479)
[03:24:55] [Server thread/INFO]: [MR.SIDA] Jonazan06 joined the game
[03:25:03] [Server thread/INFO]: [Not Secure] <[AUTISTA] Javier6712> admin vs admin
[03:35:42] [Server thread/INFO]: [THERIAN] trini has made the advancement [Isn't It Iron Pick]
[03:39:51] [Server thread/INFO]: [RABIOSA] wendxli has made the advancement [A Seedy Place]
[03:41:32] [Server thread/INFO]: [AUTISTA] Javier6712 has made the advancement [A Seedy Place]
[03:53:45] [Server thread/INFO]: [AUTISTA] Javier6712 has made the advancement [Sneak 100]
[03:55:11] [Server thread/INFO]: [THERIAN] trini has made the advancement [Diamonds!]
[03:57:59] [Server thread/INFO]: [Not Secure] <[AUTISTA] Javier6712> [name:"WARDEN", x:-688, y:-25, z:981, dim:minecraft:overworld]
[04:02:04] [Server thread/WARN]: Mismatch in destroy block pos: ja{x=-303, y=69, z=1177} ja{x=-302, y=69, z=1177}
[04:02:07] [Server thread/WARN]: Mismatch in destroy block pos: ja{x=-311, y=63, z=1177} ja{x=-310, y=62, z=1177}
[04:05:39] [Server thread/INFO]: Jonazan06 lost connection: Disconnected
[04:05:39] [Server thread/INFO]: [MR.SIDA] Jonazan06 left the game
[04:08:37] [Server thread/INFO]: Jonazan06[/100.76.188.5:65460] logged in with entity id 187347 at (-166.9804268676142, 110.0, 1493.7924020147625)
[04:08:37] [Server thread/INFO]: [MR.SIDA] Jonazan06 joined the game
[04:12:44] [Server thread/INFO]: [AUTISTA] Javier6712 has made the advancement [Ice Bucket Challenge]
[04:12:54] [Server thread/INFO]: [RABIOSA] wendxli has made the advancement [Ice Bucket Challenge]
[04:19:07] [Server thread/WARN]: Oak Boat (vehicle of Javier6712) moved wrongly! 0.7142200427649641
[04:19:07] [Server thread/WARN]: Birch Boat (vehicle of wendxli) moved wrongly! 0.2759548213493872
[04:19:07] [Server thread/WARN]: Oak Boat (vehicle of Javier6712) moved wrongly! 0.3329126594245224
[04:19:07] [Server thread/WARN]: Birch Boat (vehicle of wendxli) moved wrongly! 0.6006835855284294
[04:19:07] [Server thread/WARN]: Oak Boat (vehicle of Javier6712) moved wrongly! 0.7083823791809891
[04:19:07] [Server thread/WARN]: Birch Boat (vehicle of wendxli) moved wrongly! 0.7663886296942906
[04:19:07] [Server thread/WARN]: Oak Boat (vehicle of Javier6712) moved wrongly! 0.3302687463622931
[04:19:07] [Server thread/WARN]: Oak Boat (vehicle of Javier6712) moved wrongly! 0.45240736413796867
[04:32:14] [Server thread/INFO]: Villager cyx['Cartographer'/202479, l='ServerLevel[world]', x=-2299.40, y=65.75, z=-1047.30] died, message: 'Cartographer was slain by Zombie'
[04:32:47] [Server thread/INFO]: [Not Secure] <[MR.SIDA] Jonazan06> METETE MAJEEEEE
[04:33:04] [Server thread/INFO]: [Not Secure] <[AUTISTA] Javier6712> ERES MI DELIRIO
[04:33:09] [Server thread/INFO]: [Not Secure] <[AUTISTA] Javier6712> ERES MI MARTIRIO
[04:33:43] [Server thread/INFO]: [Not Secure] <[AUTISTA] Javier6712> METETE WEN
[04:45:58] [Server thread/INFO]: [[CHICKENLIRUL] VERGAMOTA: Teleported [THERIAN] trini to [MR.SIDA] Jonazan06]
[04:46:17] [Server thread/INFO]: trini lost connection: Disconnected
[04:46:17] [Server thread/INFO]: [THERIAN] trini left the game
[04:47:44] [Server thread/INFO]: [MR.SIDA] Jonazan06 has made the advancement [A Seedy Place]
[04:48:49] [Server thread/INFO]: [MR.SIDA] Jonazan06 has made the advancement [The Parrots and the Bats]
[04:51:31] [Server thread/INFO]: Villager cyx['Villager'/215506, l='ServerLevel[world]', x=-2305.45, y=22.00, z=-1056.07] died, message: 'Villager was slain by Zombie'
[04:52:03] [Server thread/INFO]: [[CHICKENLIRUL] VERGAMOTA: Gamerule pvp is now set to: true]
[04:52:57] [Server thread/WARN]: wendxli moved too quickly! -6.025107360388574,0.0,-8.244686137228655
[04:52:57] [Server thread/WARN]: Can't keep up! Is the server overloaded? Running 2005ms or 40 ticks behind
[05:22:07] [Server thread/INFO]: [MR.SIDA] Jonazan06 has made the advancement [The Cutest Predator]
[05:36:38] [Server thread/INFO]: Jonazan06 lost connection: Disconnected
[05:36:38] [Server thread/INFO]: [MR.SIDA] Jonazan06 left the game
[06:01:27] [Server thread/INFO]: [AUTISTA] Javier6712 was doomed to fall by [CHICKENLIRUL] VERGAMOTA
[06:02:34] [Server thread/INFO]: VERGAMOTA lost connection: Disconnected
[06:02:34] [Server thread/INFO]: [CHICKENLIRUL] VERGAMOTA left the game
[06:02:36] [Server thread/INFO]: VERGAMOTA[/100.99.220.70:57833] logged in with entity id 256388 at (-295.6094059828185, 69.0, 1273.9043274725443)
[06:02:36] [Server thread/INFO]: [CHICKENLIRUL] VERGAMOTA joined the game
[06:04:39] [Server thread/INFO]: wendxli lost connection: Disconnected
[06:04:39] [Server thread/INFO]: [RABIOSA] wendxli left the game
[06:25:08] [Server thread/WARN]: Mismatch in destroy block pos: ja{x=-403, y=63, z=1362} ja{x=-404, y=64, z=1362}
[06:25:08] [Server thread/WARN]: Mismatch in destroy block pos: ja{x=-402, y=63, z=1362} ja{x=-404, y=64, z=1362}
[06:37:44] [Server thread/INFO]: Jonazan06[/100.76.188.5:54295] logged in with entity id 269504 at (-165.1744544331137, 104.0, 1494.330121973254)
[06:37:44] [Server thread/INFO]: [MR.SIDA] Jonazan06 joined the game
[06:41:09] [Server thread/INFO]: wendxli[/100.105.227.62:65282] logged in with entity id 271975 at (-238.21419812766666, 99.5625, 1338.633751216198)
[06:41:09] [Server thread/INFO]: [RABIOSA] wendxli joined the game
[06:41:11] [Server thread/INFO]: [MR.SIDA] Jonazan06 has made the advancement [We Need to Go Deeper]
[06:48:23] [Server thread/WARN]: Mismatch in destroy block pos: ja{x=-394, y=63, z=1371} ja{x=-395, y=64, z=1371}
[06:48:23] [Server thread/WARN]: Mismatch in destroy block pos: ja{x=-393, y=63, z=1371} ja{x=-395, y=64, z=1371}
[06:56:23] [Server thread/INFO]: [AUTISTA] Javier6712 has made the advancement [Cover Me with Diamonds]
[06:57:38] [Server thread/INFO]: [AUTISTA] Javier6712 was slain by [RABIOSA] wendxli
[06:57:51] [Server thread/INFO]: [RABIOSA] wendxli was slain by [AUTISTA] Javier6712
[07:04:03] [Server thread/INFO]: Villager cyx['Villager'/264390, l='ServerLevel[world]', x=-291.63, y=63.00, z=1163.35] died, message: 'Villager was slain by [CHICKENLIRUL] VERGAMOTA'
[07:08:22] [Server thread/WARN]: Mismatch in destroy block pos: ja{x=-302, y=63, z=1180} ja{x=-299, y=63, z=1169}
[07:08:22] [Server thread/WARN]: Mismatch in destroy block pos: ja{x=-302, y=63, z=1180} ja{x=-299, y=63, z=1169}
